<?xml version="1.0" encoding="UTF-8"?>
<!-- Generated by org.testng.reporters.JUnitXMLReporter -->
<testsuite hostname="CTLINLP-2041" name="Results" tests="4" failures="0" timestamp="3 Feb 2020 03:10:27 GMT" time="19.723" errors="0">
  <testcase name="test1" time="0.782" classname="webdriver.HMSReg"/>
  <testcase name="test2" time="0.288" classname="webdriver.HMSReg"/>
  <testcase name="test3" time="4.719" classname="webdriver.HMSReg"/>
  <testcase name="test4" time="0.01" classname="webdriver.HMSReg"/>
</testsuite> <!-- Results -->
