<?xml version="1.0" encoding="UTF-8"?>
<testng-results total="1" passed="1" failed="0" skipped="0">
  <reporter-output>
  </reporter-output>
  <suite started-at="2020-02-03T11:47:26Z" name="Default suite" finished-at="2020-02-03T11:47:43Z" duration-ms="16441">
    <groups>
    </groups>
    <test started-at="2020-02-03T11:47:26Z" name="Default test" finished-at="2020-02-03T11:47:43Z" duration-ms="16441">
      <class name="webdriver.Apsrtc">
        <test-method is-config="true" signature="beforeTest()[pri:0, instance:webdriver.Apsrtc@6646153]" started-at="2020-02-03T17:17:26Z" name="beforeTest" finished-at="2020-02-03T17:17:42Z" duration-ms="15655" status="PASS">
          <reporter-output>
          </reporter-output>
        </test-method> <!-- beforeTest -->
        <test-method signature="f()[pri:0, instance:webdriver.Apsrtc@6646153]" started-at="2020-02-03T17:17:42Z" name="f" finished-at="2020-02-03T17:17:43Z" duration-ms="763" status="PASS">
          <reporter-output>
          </reporter-output>
        </test-method> <!-- f -->
        <test-method is-config="true" signature="afterTest()[pri:0, instance:webdriver.Apsrtc@6646153]" started-at="2020-02-03T17:17:43Z" name="afterTest" finished-at="2020-02-03T17:17:43Z" duration-ms="0" status="PASS">
          <reporter-output>
          </reporter-output>
        </test-method> <!-- afterTest -->
      </class> <!-- webdriver.Apsrtc -->
    </test> <!-- Default test -->
  </suite> <!-- Default suite -->
</testng-results>
